<?xml version="1.0" encoding="UTF-8"?>
<!-- Generated by org.testng.reporters.JUnitXMLReporter -->
<testsuite ignored="0" hostname="LAPTOP-84D7O3F5" failures="0" tests="4" name="Default test" time="1.402" errors="0" timestamp="2022-08-22T17:14:47 IST">
  <testcase classname="com.qa.restassured.RestApi" name="getTest_Posts" time="1.194"/>
  <testcase classname="com.qa.restassured.RestApi" name="postTest_Posts" time="0.082"/>
  <testcase classname="com.qa.restassured.RestApi" name="putTest_Posts" time="0.046"/>
  <testcase classname="com.qa.restassured.RestApi" name="deleteTest_Posts" time="0.034"/>
</testsuite> <!-- Default test -->
