<?xml version="1.0" encoding="UTF-8"?>
<!-- Generated by org.testng.reporters.JUnitXMLReporter -->
<testsuite ignored="0" hostname="LAPTOP-84D7O3F5" failures="0" tests="8" name="Default test" time="5.041" errors="0" timestamp="2022-08-22T17:10:25 IST">
  <testcase classname="com.qa.SpotifyAPI.SpotifyApi" name="get_Current_UserProfile" time="2.201"/>
  <testcase classname="com.qa.SpotifyAPI.SpotifyApi" name="get_Users_Profile" time="0.232"/>
  <testcase classname="com.qa.SpotifyAPI.SpotifyApi" name="playlist_Creation" time="0.39"/>
  <testcase classname="com.qa.SpotifyAPI.SpotifyApi" name="changePlaylistDetails" time="0.291"/>
  <testcase classname="com.qa.SpotifyAPI.SpotifyApi" name="addItemstoPlaylist" time="0.441"/>
  <testcase classname="com.qa.SpotifyAPI.SpotifyApi" name="playlist_Get_CurrentUser_Playlist" time="0.765"/>
  <testcase classname="com.qa.SpotifyAPI.SpotifyApi" name="playlist_Get_Playlist_Item" time="0.331"/>
  <testcase classname="com.qa.SpotifyAPI.SpotifyApi" name="Remove_Playlist_Items" time="0.279"/>
</testsuite> <!-- Default test -->
