<?xml version="1.0" encoding="UTF-8"?>
<testng-results ignored="0" total="8" passed="8" failed="0" skipped="0">
  <reporter-output>
  </reporter-output>
  <suite started-at="2022-08-22T17:10:20 IST" name="Default suite" finished-at="2022-08-22T17:10:25 IST" duration-ms="5041">
    <groups>
    </groups>
    <test started-at="2022-08-22T17:10:20 IST" name="Default test" finished-at="2022-08-22T17:10:25 IST" duration-ms="5041">
      <class name="com.qa.SpotifyAPI.SpotifyApi">
        <test-method is-config="true" signature="setup()[pri:0, instance:com.qa.SpotifyAPI.SpotifyApi@7c24b813]" started-at="2022-08-22T17:10:20 IST" name="setup" finished-at="2022-08-22T17:10:20 IST" duration-ms="20" status="PASS">
          <reporter-output>
          </reporter-output>
        </test-method> <!-- setup -->
        <test-method signature="get_Current_UserProfile()[pri:1, instance:com.qa.SpotifyAPI.SpotifyApi@7c24b813]" started-at="2022-08-22T17:10:20 IST" name="get_Current_UserProfile" finished-at="2022-08-22T17:10:22 IST" duration-ms="2201" status="PASS">
          <reporter-output>
          </reporter-output>
        </test-method> <!-- get_Current_UserProfile -->
        <test-method signature="get_Users_Profile()[pri:2, instance:com.qa.SpotifyAPI.SpotifyApi@7c24b813]" started-at="2022-08-22T17:10:22 IST" name="get_Users_Profile" finished-at="2022-08-22T17:10:23 IST" duration-ms="232" status="PASS">
          <reporter-output>
          </reporter-output>
        </test-method> <!-- get_Users_Profile -->
        <test-method signature="playlist_Creation()[pri:3, instance:com.qa.SpotifyAPI.SpotifyApi@7c24b813]" started-at="2022-08-22T17:10:23 IST" name="playlist_Creation" finished-at="2022-08-22T17:10:23 IST" duration-ms="390" status="PASS">
          <reporter-output>
          </reporter-output>
        </test-method> <!-- playlist_Creation -->
        <test-method signature="changePlaylistDetails()[pri:4, instance:com.qa.SpotifyAPI.SpotifyApi@7c24b813]" started-at="2022-08-22T17:10:23 IST" name="changePlaylistDetails" finished-at="2022-08-22T17:10:23 IST" duration-ms="291" status="PASS">
          <reporter-output>
          </reporter-output>
        </test-method> <!-- changePlaylistDetails -->
        <test-method signature="addItemstoPlaylist()[pri:5, instance:com.qa.SpotifyAPI.SpotifyApi@7c24b813]" started-at="2022-08-22T17:10:23 IST" name="addItemstoPlaylist" finished-at="2022-08-22T17:10:24 IST" duration-ms="441" status="PASS">
          <reporter-output>
          </reporter-output>
        </test-method> <!-- addItemstoPlaylist -->
        <test-method signature="playlist_Get_CurrentUser_Playlist()[pri:6, instance:com.qa.SpotifyAPI.SpotifyApi@7c24b813]" started-at="2022-08-22T17:10:24 IST" name="playlist_Get_CurrentUser_Playlist" finished-at="2022-08-22T17:10:25 IST" duration-ms="765" status="PASS">
          <reporter-output>
          </reporter-output>
        </test-method> <!-- playlist_Get_CurrentUser_Playlist -->
        <test-method signature="playlist_Get_Playlist_Item()[pri:7, instance:com.qa.SpotifyAPI.SpotifyApi@7c24b813]" started-at="2022-08-22T17:10:25 IST" name="playlist_Get_Playlist_Item" finished-at="2022-08-22T17:10:25 IST" duration-ms="331" status="PASS">
          <reporter-output>
          </reporter-output>
        </test-method> <!-- playlist_Get_Playlist_Item -->
        <test-method signature="Remove_Playlist_Items()[pri:8, instance:com.qa.SpotifyAPI.SpotifyApi@7c24b813]" started-at="2022-08-22T17:10:25 IST" name="Remove_Playlist_Items" finished-at="2022-08-22T17:10:25 IST" duration-ms="279" status="PASS">
          <reporter-output>
          </reporter-output>
        </test-method> <!-- Remove_Playlist_Items -->
      </class> <!-- com.qa.SpotifyAPI.SpotifyApi -->
    </test> <!-- Default test -->
  </suite> <!-- Default suite -->
</testng-results>
